<?xml version="1.0" encoding="UTF-8"?>
<!-- Generated by org.testng.reporters.JUnitXMLReporter -->
<testsuite hostname="BOND-PC" ignored="0" name="Default test" tests="6" failures="0" timestamp="2021-08-15T00:48:55 IST" time="85.977" errors="0">
  <testcase name="verifyUserData" time="4.364" classname="BeginTest.VerifyProfileData"/>
  <testcase name="verifyUserData" time="4.595" classname="BeginTest.VerifyProfileData"/>
  <testcase name="verifyUserData" time="4.459" classname="BeginTest.VerifyProfileData"/>
  <testcase name="verifyUserData" time="4.524" classname="BeginTest.VerifyProfileData"/>
  <testcase name="verifyUserData" time="4.307" classname="BeginTest.VerifyProfileData"/>
  <testcase name="verifyUserData" time="4.274" classname="BeginTest.VerifyProfileData"/>
</testsuite> <!-- Default test -->
