<?xml version="1.0" encoding="UTF-8"?>
<testng-results skipped="0" failed="0" ignored="0" total="1" passed="1">
  <reporter-output>
  </reporter-output>
  <suite name="Default suite" duration-ms="17025" started-at="2021-08-15T22:36:00 IST" finished-at="2021-08-15T22:36:17 IST">
    <groups>
    </groups>
    <test name="Default test" duration-ms="17025" started-at="2021-08-15T22:36:00 IST" finished-at="2021-08-15T22:36:17 IST">
      <class name="DumpData.TestBrowser">
        <test-method status="PASS" signature="BrowserTest()[pri:0, instance:DumpData.TestBrowser@37d31475]" name="BrowserTest" duration-ms="16990" started-at="2021-08-15T22:36:00 IST" finished-at="2021-08-15T22:36:17 IST">
          <reporter-output>
          </reporter-output>
        </test-method> <!-- BrowserTest -->
      </class> <!-- DumpData.TestBrowser -->
    </test> <!-- Default test -->
  </suite> <!-- Default suite -->
</testng-results>
