<?xml version="1.0" encoding="UTF-8"?>
<testng-results ignored="0" total="1" passed="1" failed="0" skipped="0">
  <reporter-output>
  </reporter-output>
  <suite started-at="2021-08-16T15:27:41 IST" name="Default suite" finished-at="2021-08-16T15:27:59 IST" duration-ms="17824">
    <groups>
    </groups>
    <test started-at="2021-08-16T15:27:41 IST" name="Default test" finished-at="2021-08-16T15:27:59 IST" duration-ms="17824">
      <class name="DumpData.TestBrowser">
        <test-method signature="BrowserTest()[pri:0, instance:DumpData.TestBrowser@52102734]" started-at="2021-08-16T15:27:41 IST" name="BrowserTest" finished-at="2021-08-16T15:27:59 IST" duration-ms="17784" status="PASS">
          <reporter-output>
          </reporter-output>
        </test-method> <!-- BrowserTest -->
      </class> <!-- DumpData.TestBrowser -->
    </test> <!-- Default test -->
  </suite> <!-- Default suite -->
</testng-results>
